<?xml version="1.0" encoding="UTF-8"?>
<!-- Generated by org.testng.reporters.JUnitXMLReporter -->
<testsuite ignored="0" hostname="MacBook-Air-Roman.local" failures="1" tests="5" name="Command line test" time="8.75" errors="0" timestamp="2024-08-29T13:50:14 GST">
  <testcase classname="runner.ApplicationFormTest" name="addEmailAndName" time="0.219">
    <failure type="java.lang.NullPointerException" message="Cannot invoke &amp;quot;org.openqa.selenium.WebElement.click()&amp;quot; because &amp;quot;this.inputName&amp;quot; is null">
      <![CDATA[java.lang.NullPointerException: Cannot invoke "org.openqa.selenium.WebElement.click()" because "this.inputName" is null
at model.ApplicationFormPage.clickNameInput(ApplicationFormPage.java:37)
at runner.ApplicationFormTest.addEmailAndName(ApplicationFormTest.java:25)
at java.base/java.util.ArrayList.forEach(ArrayList.java:1511)
... Removed 37 stack frames]]>
    </failure>
  </testcase> <!-- addEmailAndName -->
  <testcase classname="runner.ApplicationFormTest" name="getErrorMessage" time="0.175"/>
  <testcase classname="runner.LoginTest" name="enterNegativeEmailTest" time="0.188"/>
  <testcase classname="runner.LoginTest" name="enterNegativeEmptyPasswordTest" time="0.164"/>
  <testcase classname="runner.LoginTest" name="enterPositiveTest" time="0.505"/>
</testsuite> <!-- Command line test -->
